<?xml version="1.0" encoding="UTF-8" ?>
<testsuites>
  <testsuite errors="0" failures="0" hostname="sam-desktop" id="0" name="MeetingTests" package="com.rapidcommittee" tests="3" time="0.717" timestamp="2012-06-11T01:15:21">
      <properties />

      <testcase classname="com.rapidcommittee.MeetingTests" name="timeTravelingValidationTest1" time="0.67" />

      <testcase classname="com.rapidcommittee.MeetingTests" name="timeTravelingValidationTest2" time="0.016" />

      <testcase classname="com.rapidcommittee.MeetingTests" name="timeTravelingValidationTest3" time="0.022" />

      <system-out><![CDATA[--Output from timeTravelingValidationTest1--
--Output from timeTravelingValidationTest2--
--Output from timeTravelingValidationTest3--
]]></system-out>

      <system-err><![CDATA[--Output from timeTravelingValidationTest1--
--Output from timeTravelingValidationTest2--
--Output from timeTravelingValidationTest3--
]]></system-err>

  </testsuite>
  <testsuite errors="0" failures="1" hostname="sam-desktop" id="1" name="CommitteeControllerTests" package="com.rapidcommittee" tests="1" time="1.715" timestamp="2012-06-11T01:14:29">
      <properties />

      <testcase classname="com.rapidcommittee.CommitteeControllerTests" name="testSomething" time="1.012">
          <failure message="junit.framework.AssertionFailedError: Implement me" type="junit.framework.AssertionFailedError">junit.framework.AssertionFailedError: junit.framework.AssertionFailedError: Implement me
	at com.rapidcommittee.CommitteeControllerTests.testSomething(CommitteeControllerTests.groovy:15)
</failure>

      </testcase>

      <system-out><![CDATA[--Output from testSomething--
]]></system-out>

      <system-err><![CDATA[--Output from testSomething--
]]></system-err>

  </testsuite>
  <testsuite errors="0" failures="1" hostname="sam-desktop" id="2" name="CommitteeMembershipTests" package="com.rapidcommittee" tests="1" time="3.089" timestamp="2012-06-11T01:14:19">
      <properties />

      <testcase classname="com.rapidcommittee.CommitteeMembershipTests" name="testSomething" time="1.471">
          <failure message="junit.framework.AssertionFailedError: Implement me" type="junit.framework.AssertionFailedError">junit.framework.AssertionFailedError: junit.framework.AssertionFailedError: Implement me
	at com.rapidcommittee.CommitteeMembershipTests.testSomething(CommitteeMembershipTests.groovy:15)
</failure>

      </testcase>

      <system-out><![CDATA[--Output from testSomething--
]]></system-out>

      <system-err><![CDATA[--Output from testSomething--
]]></system-err>

  </testsuite>
  <testsuite errors="0" failures="1" hostname="sam-desktop" id="3" name="CommitteeTests" package="com.rapidcommittee" tests="1" time="1.533" timestamp="2012-06-11T01:14:30">
      <properties />

      <testcase classname="com.rapidcommittee.CommitteeTests" name="testSomething" time="0.9">
          <failure message="junit.framework.AssertionFailedError: Implement me" type="junit.framework.AssertionFailedError">junit.framework.AssertionFailedError: junit.framework.AssertionFailedError: Implement me
	at com.rapidcommittee.CommitteeTests.testSomething(CommitteeTests.groovy:15)
</failure>

      </testcase>

      <system-out><![CDATA[--Output from testSomething--
]]></system-out>

      <system-err><![CDATA[--Output from testSomething--
]]></system-err>

  </testsuite>
  <testsuite errors="0" failures="1" hostname="sam-desktop" id="4" name="MeetingControllerTests" package="com.rapidcommittee" tests="1" time="1.078" timestamp="2012-06-11T01:14:34">
      <properties />

      <testcase classname="com.rapidcommittee.MeetingControllerTests" name="testSomething" time="1.072">
          <failure message="junit.framework.AssertionFailedError: Implement me" type="junit.framework.AssertionFailedError">junit.framework.AssertionFailedError: junit.framework.AssertionFailedError: Implement me
	at com.rapidcommittee.MeetingControllerTests.testSomething(MeetingControllerTests.groovy:15)
</failure>

      </testcase>

      <system-out><![CDATA[--Output from testSomething--
]]></system-out>

      <system-err><![CDATA[--Output from testSomething--
]]></system-err>

  </testsuite>
  <testsuite errors="0" failures="1" hostname="sam-desktop" id="5" name="MeetingTests" package="com.rapidcommittee" tests="1" time="1.939" timestamp="2012-06-11T01:14:32">
      <properties />

      <testcase classname="com.rapidcommittee.MeetingTests" name="testSomething" time="0.838">
          <failure message="junit.framework.AssertionFailedError: Implement me" type="junit.framework.AssertionFailedError">junit.framework.AssertionFailedError: junit.framework.AssertionFailedError: Implement me
	at com.rapidcommittee.MeetingTests.testSomething(MeetingTests.groovy:15)
</failure>

      </testcase>

      <system-out><![CDATA[--Output from testSomething--
]]></system-out>

      <system-err><![CDATA[--Output from testSomething--
]]></system-err>

  </testsuite>
  <testsuite errors="0" failures="1" hostname="sam-desktop" id="6" name="UserControllerTests" package="com.rapidcommittee" tests="1" time="6.094" timestamp="2012-06-11T01:14:22">
      <properties />

      <testcase classname="com.rapidcommittee.UserControllerTests" name="testSomething" time="5.204">
          <failure message="junit.framework.AssertionFailedError: Implement me" type="junit.framework.AssertionFailedError">junit.framework.AssertionFailedError: junit.framework.AssertionFailedError: Implement me
	at com.rapidcommittee.UserControllerTests.testSomething(UserControllerTests.groovy:15)
</failure>

      </testcase>

      <system-out><![CDATA[--Output from testSomething--
]]></system-out>

      <system-err><![CDATA[--Output from testSomething--
]]></system-err>

  </testsuite>
  <testsuite errors="0" failures="0" hostname="sam-desktop" id="7" name="UserTests" package="com.rapidcommittee" tests="1" time="3.094" timestamp="2012-06-11T01:14:16">
      <properties />

      <testcase classname="com.rapidcommittee.UserTests" name="testToString" time="2.608" />

      <system-out><![CDATA[--Output from testToString--
]]></system-out>

      <system-err><![CDATA[--Output from testToString--
]]></system-err>

  </testsuite>
</testsuites>
